Symlinking /home/mark/ROS-Tutorials/devel/include/roscpp_tutorials/TwoInts.h
Symlinking /home/mark/ROS-Tutorials/devel/include/roscpp_tutorials/TwoIntsResponse.h
Symlinking /home/mark/ROS-Tutorials/devel/include/roscpp_tutorials/TwoIntsRequest.h
Symlinking /home/mark/ROS-Tutorials/devel/lib/roscpp_tutorials/babbler
Symlinking /home/mark/ROS-Tutorials/devel/lib/roscpp_tutorials/cached_parameters
Symlinking /home/mark/ROS-Tutorials/devel/lib/roscpp_tutorials/anonymous_listener
Symlinking /home/mark/ROS-Tutorials/devel/lib/roscpp_tutorials/add_two_ints_client
Symlinking /home/mark/ROS-Tutorials/devel/lib/roscpp_tutorials/listener_async_spin
Symlinking /home/mark/ROS-Tutorials/devel/lib/roscpp_tutorials/add_two_ints_server
Symlinking /home/mark/ROS-Tutorials/devel/lib/roscpp_tutorials/add_two_ints_server_class
Symlinking /home/mark/ROS-Tutorials/devel/lib/roscpp_tutorials/listener_threaded_spin
Symlinking /home/mark/ROS-Tutorials/devel/lib/roscpp_tutorials/talker
Symlinking /home/mark/ROS-Tutorials/devel/lib/roscpp_tutorials/listener_multiple
Symlinking /home/mark/ROS-Tutorials/devel/lib/roscpp_tutorials/notify_connect
Symlinking /home/mark/ROS-Tutorials/devel/lib/roscpp_tutorials/listener_with_tracked_object
Symlinking /home/mark/ROS-Tutorials/devel/lib/roscpp_tutorials/timers
Symlinking /home/mark/ROS-Tutorials/devel/lib/roscpp_tutorials/listener_unreliable
Symlinking /home/mark/ROS-Tutorials/devel/lib/roscpp_tutorials/listener_class
Symlinking /home/mark/ROS-Tutorials/devel/lib/roscpp_tutorials/custom_callback_processing
Symlinking /home/mark/ROS-Tutorials/devel/lib/roscpp_tutorials/listener
Symlinking /home/mark/ROS-Tutorials/devel/lib/roscpp_tutorials/listener_with_userdata
Symlinking /home/mark/ROS-Tutorials/devel/lib/roscpp_tutorials/node_handle_namespaces
Symlinking /home/mark/ROS-Tutorials/devel/lib/roscpp_tutorials/parameters
Symlinking /home/mark/ROS-Tutorials/devel/lib/roscpp_tutorials/time_api_sleep
Symlinking /home/mark/ROS-Tutorials/devel/lib/python3/dist-packages/roscpp_tutorials/__init__.py
Symlinking /home/mark/ROS-Tutorials/devel/lib/python3/dist-packages/roscpp_tutorials/srv/__init__.py
Symlinking /home/mark/ROS-Tutorials/devel/lib/python3/dist-packages/roscpp_tutorials/srv/_TwoInts.py
Symlinking /home/mark/ROS-Tutorials/devel/lib/pkgconfig/roscpp_tutorials.pc
Symlinking /home/mark/ROS-Tutorials/devel/share/roscpp_tutorials/cmake/roscpp_tutorialsConfig-version.cmake
Symlinking /home/mark/ROS-Tutorials/devel/share/roscpp_tutorials/cmake/roscpp_tutorials-msg-paths.cmake
Symlinking /home/mark/ROS-Tutorials/devel/share/roscpp_tutorials/cmake/roscpp_tutorials-msg-extras.cmake
Symlinking /home/mark/ROS-Tutorials/devel/share/roscpp_tutorials/cmake/roscpp_tutorialsConfig.cmake
Symlinking /home/mark/ROS-Tutorials/devel/share/common-lisp/ros/roscpp_tutorials/srv/roscpp_tutorials-srv.asd
Symlinking /home/mark/ROS-Tutorials/devel/share/common-lisp/ros/roscpp_tutorials/srv/_package_TwoInts.lisp
Symlinking /home/mark/ROS-Tutorials/devel/share/common-lisp/ros/roscpp_tutorials/srv/_package.lisp
Symlinking /home/mark/ROS-Tutorials/devel/share/common-lisp/ros/roscpp_tutorials/srv/TwoInts.lisp
Symlinking /home/mark/ROS-Tutorials/devel/share/gennodejs/ros/roscpp_tutorials/_index.js
Symlinking /home/mark/ROS-Tutorials/devel/share/gennodejs/ros/roscpp_tutorials/srv/TwoInts.js
Symlinking /home/mark/ROS-Tutorials/devel/share/gennodejs/ros/roscpp_tutorials/srv/_index.js
Symlinking /home/mark/ROS-Tutorials/devel/share/roseus/ros/roscpp_tutorials/manifest.l
Symlinking /home/mark/ROS-Tutorials/devel/share/roseus/ros/roscpp_tutorials/srv/TwoInts.l
Cleaning: (/home/mark/ROS1_Tutorials/devel/.private/roscpp_tutorials/cmake.lock, /home/mark/ROS1_Tutorials/devel/./cmake.lock)
Cleaning: (/home/mark/ROS1_Tutorials/devel/.private/roscpp_tutorials/include/roscpp_tutorials/TwoInts.h, /home/mark/ROS1_Tutorials/devel/include/roscpp_tutorials/TwoInts.h)
Cleaning: (/home/mark/ROS1_Tutorials/devel/.private/roscpp_tutorials/include/roscpp_tutorials/TwoIntsResponse.h, /home/mark/ROS1_Tutorials/devel/include/roscpp_tutorials/TwoIntsResponse.h)
Cleaning: (/home/mark/ROS1_Tutorials/devel/.private/roscpp_tutorials/include/roscpp_tutorials/TwoIntsRequest.h, /home/mark/ROS1_Tutorials/devel/include/roscpp_tutorials/TwoIntsRequest.h)
Cleaning: (/home/mark/ROS1_Tutorials/devel/.private/roscpp_tutorials/lib/roscpp_tutorials/babbler, /home/mark/ROS1_Tutorials/devel/lib/roscpp_tutorials/babbler)
Cleaning: (/home/mark/ROS1_Tutorials/devel/.private/roscpp_tutorials/lib/roscpp_tutorials/cached_parameters, /home/mark/ROS1_Tutorials/devel/lib/roscpp_tutorials/cached_parameters)
Cleaning: (/home/mark/ROS1_Tutorials/devel/.private/roscpp_tutorials/lib/roscpp_tutorials/anonymous_listener, /home/mark/ROS1_Tutorials/devel/lib/roscpp_tutorials/anonymous_listener)
Cleaning: (/home/mark/ROS1_Tutorials/devel/.private/roscpp_tutorials/lib/roscpp_tutorials/add_two_ints_client, /home/mark/ROS1_Tutorials/devel/lib/roscpp_tutorials/add_two_ints_client)
Cleaning: (/home/mark/ROS1_Tutorials/devel/.private/roscpp_tutorials/lib/roscpp_tutorials/listener_async_spin, /home/mark/ROS1_Tutorials/devel/lib/roscpp_tutorials/listener_async_spin)
Cleaning: (/home/mark/ROS1_Tutorials/devel/.private/roscpp_tutorials/lib/roscpp_tutorials/add_two_ints_server, /home/mark/ROS1_Tutorials/devel/lib/roscpp_tutorials/add_two_ints_server)
Cleaning: (/home/mark/ROS1_Tutorials/devel/.private/roscpp_tutorials/lib/roscpp_tutorials/add_two_ints_server_class, /home/mark/ROS1_Tutorials/devel/lib/roscpp_tutorials/add_two_ints_server_class)
Cleaning: (/home/mark/ROS1_Tutorials/devel/.private/roscpp_tutorials/lib/roscpp_tutorials/listener_threaded_spin, /home/mark/ROS1_Tutorials/devel/lib/roscpp_tutorials/listener_threaded_spin)
Cleaning: (/home/mark/ROS1_Tutorials/devel/.private/roscpp_tutorials/lib/roscpp_tutorials/talker, /home/mark/ROS1_Tutorials/devel/lib/roscpp_tutorials/talker)
Cleaning: (/home/mark/ROS1_Tutorials/devel/.private/roscpp_tutorials/lib/roscpp_tutorials/listener_multiple, /home/mark/ROS1_Tutorials/devel/lib/roscpp_tutorials/listener_multiple)
Cleaning: (/home/mark/ROS1_Tutorials/devel/.private/roscpp_tutorials/lib/roscpp_tutorials/notify_connect, /home/mark/ROS1_Tutorials/devel/lib/roscpp_tutorials/notify_connect)
Cleaning: (/home/mark/ROS1_Tutorials/devel/.private/roscpp_tutorials/lib/roscpp_tutorials/listener_with_tracked_object, /home/mark/ROS1_Tutorials/devel/lib/roscpp_tutorials/listener_with_tracked_object)
Cleaning: (/home/mark/ROS1_Tutorials/devel/.private/roscpp_tutorials/lib/roscpp_tutorials/timers, /home/mark/ROS1_Tutorials/devel/lib/roscpp_tutorials/timers)
Cleaning: (/home/mark/ROS1_Tutorials/devel/.private/roscpp_tutorials/lib/roscpp_tutorials/listener_unreliable, /home/mark/ROS1_Tutorials/devel/lib/roscpp_tutorials/listener_unreliable)
Cleaning: (/home/mark/ROS1_Tutorials/devel/.private/roscpp_tutorials/lib/roscpp_tutorials/listener_class, /home/mark/ROS1_Tutorials/devel/lib/roscpp_tutorials/listener_class)
Cleaning: (/home/mark/ROS1_Tutorials/devel/.private/roscpp_tutorials/lib/roscpp_tutorials/custom_callback_processing, /home/mark/ROS1_Tutorials/devel/lib/roscpp_tutorials/custom_callback_processing)
Cleaning: (/home/mark/ROS1_Tutorials/devel/.private/roscpp_tutorials/lib/roscpp_tutorials/listener, /home/mark/ROS1_Tutorials/devel/lib/roscpp_tutorials/listener)
Cleaning: (/home/mark/ROS1_Tutorials/devel/.private/roscpp_tutorials/lib/roscpp_tutorials/listener_with_userdata, /home/mark/ROS1_Tutorials/devel/lib/roscpp_tutorials/listener_with_userdata)
Cleaning: (/home/mark/ROS1_Tutorials/devel/.private/roscpp_tutorials/lib/roscpp_tutorials/node_handle_namespaces, /home/mark/ROS1_Tutorials/devel/lib/roscpp_tutorials/node_handle_namespaces)
Cleaning: (/home/mark/ROS1_Tutorials/devel/.private/roscpp_tutorials/lib/roscpp_tutorials/parameters, /home/mark/ROS1_Tutorials/devel/lib/roscpp_tutorials/parameters)
Cleaning: (/home/mark/ROS1_Tutorials/devel/.private/roscpp_tutorials/lib/roscpp_tutorials/time_api_sleep, /home/mark/ROS1_Tutorials/devel/lib/roscpp_tutorials/time_api_sleep)
Cleaning: (/home/mark/ROS1_Tutorials/devel/.private/roscpp_tutorials/lib/python3/dist-packages/roscpp_tutorials/__init__.py, /home/mark/ROS1_Tutorials/devel/lib/python3/dist-packages/roscpp_tutorials/__init__.py)
Cleaning: (/home/mark/ROS1_Tutorials/devel/.private/roscpp_tutorials/lib/python3/dist-packages/roscpp_tutorials/srv/__init__.py, /home/mark/ROS1_Tutorials/devel/lib/python3/dist-packages/roscpp_tutorials/srv/__init__.py)
Cleaning: (/home/mark/ROS1_Tutorials/devel/.private/roscpp_tutorials/lib/python3/dist-packages/roscpp_tutorials/srv/_TwoInts.py, /home/mark/ROS1_Tutorials/devel/lib/python3/dist-packages/roscpp_tutorials/srv/_TwoInts.py)
Cleaning: (/home/mark/ROS1_Tutorials/devel/.private/roscpp_tutorials/lib/pkgconfig/roscpp_tutorials.pc, /home/mark/ROS1_Tutorials/devel/lib/pkgconfig/roscpp_tutorials.pc)
Cleaning: (/home/mark/ROS1_Tutorials/devel/.private/roscpp_tutorials/share/roscpp_tutorials/cmake/roscpp_tutorialsConfig-version.cmake, /home/mark/ROS1_Tutorials/devel/share/roscpp_tutorials/cmake/roscpp_tutorialsConfig-version.cmake)
Cleaning: (/home/mark/ROS1_Tutorials/devel/.private/roscpp_tutorials/share/roscpp_tutorials/cmake/roscpp_tutorials-msg-paths.cmake, /home/mark/ROS1_Tutorials/devel/share/roscpp_tutorials/cmake/roscpp_tutorials-msg-paths.cmake)
Cleaning: (/home/mark/ROS1_Tutorials/devel/.private/roscpp_tutorials/share/roscpp_tutorials/cmake/roscpp_tutorials-msg-extras.cmake, /home/mark/ROS1_Tutorials/devel/share/roscpp_tutorials/cmake/roscpp_tutorials-msg-extras.cmake)
Cleaning: (/home/mark/ROS1_Tutorials/devel/.private/roscpp_tutorials/share/roscpp_tutorials/cmake/roscpp_tutorialsConfig.cmake, /home/mark/ROS1_Tutorials/devel/share/roscpp_tutorials/cmake/roscpp_tutorialsConfig.cmake)
Cleaning: (/home/mark/ROS1_Tutorials/devel/.private/roscpp_tutorials/share/common-lisp/ros/roscpp_tutorials/srv/roscpp_tutorials-srv.asd, /home/mark/ROS1_Tutorials/devel/share/common-lisp/ros/roscpp_tutorials/srv/roscpp_tutorials-srv.asd)
Cleaning: (/home/mark/ROS1_Tutorials/devel/.private/roscpp_tutorials/share/common-lisp/ros/roscpp_tutorials/srv/_package_TwoInts.lisp, /home/mark/ROS1_Tutorials/devel/share/common-lisp/ros/roscpp_tutorials/srv/_package_TwoInts.lisp)
Cleaning: (/home/mark/ROS1_Tutorials/devel/.private/roscpp_tutorials/share/common-lisp/ros/roscpp_tutorials/srv/_package.lisp, /home/mark/ROS1_Tutorials/devel/share/common-lisp/ros/roscpp_tutorials/srv/_package.lisp)
Cleaning: (/home/mark/ROS1_Tutorials/devel/.private/roscpp_tutorials/share/common-lisp/ros/roscpp_tutorials/srv/TwoInts.lisp, /home/mark/ROS1_Tutorials/devel/share/common-lisp/ros/roscpp_tutorials/srv/TwoInts.lisp)
Cleaning: (/home/mark/ROS1_Tutorials/devel/.private/roscpp_tutorials/share/gennodejs/ros/roscpp_tutorials/_index.js, /home/mark/ROS1_Tutorials/devel/share/gennodejs/ros/roscpp_tutorials/_index.js)
Cleaning: (/home/mark/ROS1_Tutorials/devel/.private/roscpp_tutorials/share/gennodejs/ros/roscpp_tutorials/srv/TwoInts.js, /home/mark/ROS1_Tutorials/devel/share/gennodejs/ros/roscpp_tutorials/srv/TwoInts.js)
Cleaning: (/home/mark/ROS1_Tutorials/devel/.private/roscpp_tutorials/share/gennodejs/ros/roscpp_tutorials/srv/_index.js, /home/mark/ROS1_Tutorials/devel/share/gennodejs/ros/roscpp_tutorials/srv/_index.js)
Cleaning: (/home/mark/ROS1_Tutorials/devel/.private/roscpp_tutorials/share/roseus/ros/roscpp_tutorials/manifest.l, /home/mark/ROS1_Tutorials/devel/share/roseus/ros/roscpp_tutorials/manifest.l)
Cleaning: (/home/mark/ROS1_Tutorials/devel/.private/roscpp_tutorials/share/roseus/ros/roscpp_tutorials/srv/TwoInts.l, /home/mark/ROS1_Tutorials/devel/share/roseus/ros/roscpp_tutorials/srv/TwoInts.l)
Unlinking: /home/mark/ROS1_Tutorials/devel/include/roscpp_tutorials/TwoInts.h
Already unlinked: {}
Unlinking: /home/mark/ROS1_Tutorials/devel/include/roscpp_tutorials/TwoIntsResponse.h
Already unlinked: {}
Unlinking: /home/mark/ROS1_Tutorials/devel/include/roscpp_tutorials/TwoIntsRequest.h
Already unlinked: {}
Unlinking: /home/mark/ROS1_Tutorials/devel/lib/roscpp_tutorials/babbler
Already unlinked: {}
Unlinking: /home/mark/ROS1_Tutorials/devel/lib/roscpp_tutorials/cached_parameters
Already unlinked: {}
Unlinking: /home/mark/ROS1_Tutorials/devel/lib/roscpp_tutorials/anonymous_listener
Already unlinked: {}
Unlinking: /home/mark/ROS1_Tutorials/devel/lib/roscpp_tutorials/add_two_ints_client
Already unlinked: {}
Unlinking: /home/mark/ROS1_Tutorials/devel/lib/roscpp_tutorials/listener_async_spin
Already unlinked: {}
Unlinking: /home/mark/ROS1_Tutorials/devel/lib/roscpp_tutorials/add_two_ints_server
Already unlinked: {}
Unlinking: /home/mark/ROS1_Tutorials/devel/lib/roscpp_tutorials/add_two_ints_server_class
Already unlinked: {}
Unlinking: /home/mark/ROS1_Tutorials/devel/lib/roscpp_tutorials/listener_threaded_spin
Already unlinked: {}
Unlinking: /home/mark/ROS1_Tutorials/devel/lib/roscpp_tutorials/talker
Already unlinked: {}
Unlinking: /home/mark/ROS1_Tutorials/devel/lib/roscpp_tutorials/listener_multiple
Already unlinked: {}
Unlinking: /home/mark/ROS1_Tutorials/devel/lib/roscpp_tutorials/notify_connect
Already unlinked: {}
Unlinking: /home/mark/ROS1_Tutorials/devel/lib/roscpp_tutorials/listener_with_tracked_object
Already unlinked: {}
Unlinking: /home/mark/ROS1_Tutorials/devel/lib/roscpp_tutorials/timers
Already unlinked: {}
Unlinking: /home/mark/ROS1_Tutorials/devel/lib/roscpp_tutorials/listener_unreliable
Already unlinked: {}
Unlinking: /home/mark/ROS1_Tutorials/devel/lib/roscpp_tutorials/listener_class
Already unlinked: {}
Unlinking: /home/mark/ROS1_Tutorials/devel/lib/roscpp_tutorials/custom_callback_processing
Already unlinked: {}
Unlinking: /home/mark/ROS1_Tutorials/devel/lib/roscpp_tutorials/listener
Already unlinked: {}
Unlinking: /home/mark/ROS1_Tutorials/devel/lib/roscpp_tutorials/listener_with_userdata
Already unlinked: {}
Unlinking: /home/mark/ROS1_Tutorials/devel/lib/roscpp_tutorials/node_handle_namespaces
Already unlinked: {}
Unlinking: /home/mark/ROS1_Tutorials/devel/lib/roscpp_tutorials/parameters
Already unlinked: {}
Unlinking: /home/mark/ROS1_Tutorials/devel/lib/roscpp_tutorials/time_api_sleep
Already unlinked: {}
Unlinking: /home/mark/ROS1_Tutorials/devel/lib/python3/dist-packages/roscpp_tutorials/__init__.py
Already unlinked: {}
Unlinking: /home/mark/ROS1_Tutorials/devel/lib/python3/dist-packages/roscpp_tutorials/srv/__init__.py
Already unlinked: {}
Unlinking: /home/mark/ROS1_Tutorials/devel/lib/python3/dist-packages/roscpp_tutorials/srv/_TwoInts.py
Already unlinked: {}
Unlinking: /home/mark/ROS1_Tutorials/devel/lib/pkgconfig/roscpp_tutorials.pc
Already unlinked: {}
Unlinking: /home/mark/ROS1_Tutorials/devel/share/roscpp_tutorials/cmake/roscpp_tutorialsConfig-version.cmake
Already unlinked: {}
Unlinking: /home/mark/ROS1_Tutorials/devel/share/roscpp_tutorials/cmake/roscpp_tutorials-msg-paths.cmake
Already unlinked: {}
Unlinking: /home/mark/ROS1_Tutorials/devel/share/roscpp_tutorials/cmake/roscpp_tutorials-msg-extras.cmake
Already unlinked: {}
Unlinking: /home/mark/ROS1_Tutorials/devel/share/roscpp_tutorials/cmake/roscpp_tutorialsConfig.cmake
Already unlinked: {}
Unlinking: /home/mark/ROS1_Tutorials/devel/share/common-lisp/ros/roscpp_tutorials/srv/roscpp_tutorials-srv.asd
Already unlinked: {}
Unlinking: /home/mark/ROS1_Tutorials/devel/share/common-lisp/ros/roscpp_tutorials/srv/_package_TwoInts.lisp
Already unlinked: {}
Unlinking: /home/mark/ROS1_Tutorials/devel/share/common-lisp/ros/roscpp_tutorials/srv/_package.lisp
Already unlinked: {}
Unlinking: /home/mark/ROS1_Tutorials/devel/share/common-lisp/ros/roscpp_tutorials/srv/TwoInts.lisp
Already unlinked: {}
Unlinking: /home/mark/ROS1_Tutorials/devel/share/gennodejs/ros/roscpp_tutorials/_index.js
Already unlinked: {}
Unlinking: /home/mark/ROS1_Tutorials/devel/share/gennodejs/ros/roscpp_tutorials/srv/TwoInts.js
Already unlinked: {}
Unlinking: /home/mark/ROS1_Tutorials/devel/share/gennodejs/ros/roscpp_tutorials/srv/_index.js
Already unlinked: {}
Unlinking: /home/mark/ROS1_Tutorials/devel/share/roseus/ros/roscpp_tutorials/manifest.l
Already unlinked: {}
Unlinking: /home/mark/ROS1_Tutorials/devel/share/roseus/ros/roscpp_tutorials/srv/TwoInts.l
Already unlinked: {}
